stsdk_bean/proguard/seeds.txt
com.ldrobot.bean.ProductGuideBean$DataBean$ContentBean$1
com.ldrobot.bean.DataBean$SubModeBean
com.ldrobot.bean.FeedbackMessageBean
com.ldrobot.bean.DataBean$MainBrushTimeBean
com.ldrobot.bean.ShareMemberBean$1
com.ldrobot.bean.AliVoiceBean
com.ldrobot.bean.DataBean$RobotErrorBean
com.ldrobot.bean.MsgDeviceBean
com.ldrobot.bean.LDRoom
com.ldrobot.bean.interfaces.video.OnPlayerStateChangedListener
com.ldrobot.bean.DataBean$RunTimesBean
com.ldrobot.bean.AliVoiceBean$VoicePacketsBean$ListsBean
com.ldrobot.bean.MyPoint
com.ldrobot.bean.LDCode
com.ldrobot.bean.DataBean$IsInForbidModeBean
com.ldrobot.bean.UpdateTaskBean
com.ldrobot.bean.SweepAppointment
com.ldrobot.bean.DataBean
com.ldrobot.bean.DataBean$CountDownBean
com.ldrobot.bean.DataBean$WiFIBandBean
com.ldrobot.bean.UploadUserAvatarParams
com.ldrobot.bean.ShareBean$DataBean
com.ldrobot.bean.CountryBean
com.ldrobot.bean.FeedbackDataBean$1
com.ldrobot.bean.DataBean$HeartbeatBean
com.ldrobot.bean.FeedbackListBean
com.ldrobot.bean.DataBean$FilterTimeBean
com.ldrobot.bean.DataBean$LocalTimerBean
com.ldrobot.bean.BaseListBean
com.ldrobot.bean.DeviceBean
com.ldrobot.bean.DataBean$WaterBean
com.ldrobot.bean.RoomOptimizeResult
com.ldrobot.bean.LocalMultipleMapInfoBean
com.ldrobot.bean.LdAreaBean
com.ldrobot.bean.DataBean$MultiMapData0Bean
com.ldrobot.bean.STSBean
com.ldrobot.bean.LDAppCode
com.ldrobot.bean.PropertyIntValueBean
com.ldrobot.bean.PrivacyPointBean
com.ldrobot.bean.ProtocolBean$ContentBean
com.ldrobot.bean.ProtocolBean
com.ldrobot.bean.DataBean$BatteryStateBean
com.ldrobot.bean.SocketResponse
com.ldrobot.bean.C2JavaTypeSwitch
com.ldrobot.bean.SweepErrorCode
com.ldrobot.bean.BindDeviceBean
com.ldrobot.bean.DataBean$MultiMapsInfoBean
com.ldrobot.bean.AiArea$AreaMsg$1
com.ldrobot.bean.AreaInfoArrayBean
com.ldrobot.bean.DataBean$WorkstationTypeBean
com.ldrobot.bean.consts.CleaningResultConst
com.ldrobot.bean.AliVoiceBean$VoicePacketsBean
com.ldrobot.bean.SweepErrorCode$ErrorCode
com.ldrobot.bean.FeedbackDataBean
com.ldrobot.bean.DataBean$CountDownListBean$ValueBean
com.ldrobot.bean.AiArea$AreaMsg$AreaPos
com.ldrobot.bean.consts.StartMethodConst
com.ldrobot.bean.AIDetectResultBean
com.ldrobot.bean.interfaces.GetVerificationType
com.ldrobot.bean.FloorType
com.ldrobot.bean.SweepMopMode
com.ldrobot.bean.interfaces.NetworkConfigListener
com.ldrobot.bean.LogFileBean
com.ldrobot.bean.DataBean$DustFreqBean
com.ldrobot.bean.SweepAppointmentList
com.ldrobot.bean.DataBean$WorkModeBean
com.ldrobot.bean.DataBean$TimeTacticsBean
com.ldrobot.bean.interfaces.NetworkConfigListener$ToWifiSettingsType
com.ldrobot.bean.LDArea$1
com.ldrobot.bean.CurPathHeaderBean
com.ldrobot.bean.WifiListBean$1
com.ldrobot.bean.SocketResponse$DInfo
com.ldrobot.bean.CurrentVoicePackageBean
com.ldrobot.bean.AiArea$AreaMsg$AreaPos$1
com.ldrobot.bean.DataBean$WiFISNRBean
com.ldrobot.bean.CountryBean$1
com.ldrobot.bean.DataBean$PathSendBean
com.ldrobot.bean.BuildConfig
com.ldrobot.bean.LDObstacle
com.ldrobot.bean.ShareBean
com.ldrobot.bean.LDSweepMap$1
com.ldrobot.bean.interfaces.InitDeviceListener
com.ldrobot.bean.Device
com.ldrobot.bean.LocalMultipleMapInfoBean$MapsBean
com.ldrobot.bean.interfaces.video.OnErrorListener
com.ldrobot.bean.GetVerificationCodeParams
com.ldrobot.bean.interfaces.NetworkConfigStepListener
com.ldrobot.bean.interfaces.InitTokenListener
com.ldrobot.bean.DataBean$VolBean
com.ldrobot.bean.SweepRecord
com.ldrobot.bean.DataBean$SideBrushTimeBean
com.ldrobot.bean.DeviceMessageBean
com.ldrobot.bean.DataBean$ImuCalibrationStatusBean
com.ldrobot.bean.ObstacleType
com.ldrobot.bean.ApkUpdateBean
com.ldrobot.bean.DataBean$MACAddressBean
com.ldrobot.bean.MapUiStyle
com.ldrobot.bean.LDObstacle$1
com.ldrobot.bean.AppFuncBean$APPFunctionBean
com.ldrobot.bean.DataBean$RobotPosBean
com.ldrobot.bean.SweepStatus
com.ldrobot.bean.consts.CleanModeConst
com.ldrobot.bean.video.MyPlayerException
com.ldrobot.bean.interfaces.WifiScanCallback
com.ldrobot.bean.FirmwareVersionBean