stsdk_bean/proguard/mapping.txt
# compiler: R8
# compiler_version: 4.0.52
# common_typos_disable
# {"id":"com.android.tools.r8.mapping","version":"2.1"}
# pg_map_id: cb0c5f6
# pg_map_hash: SHA-256 cb0c5f692e66708004f221260c31cbd21d3dcdc79c5f0c40950e13198b73d747
com.ldrobot.bean.AIDetectResultBean -> com.ldrobot.bean.AIDetectResultBean:
    1:1:void <init>():10:10 -> <init>
    1:1:long getTime():20:20 -> getTime
    1:1:java.util.List getValue():28:28 -> getValue
    1:1:void setTime(long):24:24 -> setTime
    1:1:void setValue(java.util.List):32:32 -> setValue
com.ldrobot.bean.AIDetectResultBean$ValueBean -> com.ldrobot.bean.AIDetectResultBean$ValueBean:
    1:1:void <init>():35:35 -> <init>
    1:1:int getConfidence():70:70 -> getConfidence
    1:1:int getLabel():86:86 -> getLabel
    1:1:java.lang.String getMask_pixels():102:102 -> getMask_pixels
    1:1:java.lang.String getName():78:78 -> getName
    1:1:java.lang.String getPos():62:62 -> getPos
    1:1:java.lang.String getPos_pixel():94:94 -> getPos_pixel
    1:1:java.lang.String getTime_stamp():54:54 -> getTime_stamp
    1:1:void setConfidence(int):74:74 -> setConfidence
    1:1:void setLabel(int):90:90 -> setLabel
    1:1:void setMask_pixels(java.lang.String):106:106 -> setMask_pixels
    1:1:void setName(java.lang.String):82:82 -> setName
    1:1:void setPos(java.lang.String):66:66 -> setPos
    1:1:void setPos_pixel(java.lang.String):98:98 -> setPos_pixel
    1:1:void setTime_stamp(java.lang.String):58:58 -> setTime_stamp
com.ldrobot.bean.AiArea -> com.ldrobot.bean.AiArea:
    1:1:void <clinit>():22:22 -> <clinit>
    1:3:void <init>(android.os.Parcel):17:19 -> <init>
    1:1:java.util.ArrayList getArea():43:43 -> getArea
    1:1:double getTime():35:35 -> getTime
    1:1:void setArea(java.util.ArrayList):47:47 -> setArea
    1:1:void setTime(double):39:39 -> setTime
    1:2:void writeToParcel(android.os.Parcel,int):57:58 -> writeToParcel
com.ldrobot.bean.AiArea$1 -> com.ldrobot.bean.AiArea$1:
    1:1:void <init>():22:22 -> <init>
    1:1:java.lang.Object createFromParcel(android.os.Parcel):22:22 -> createFromParcel
    2:2:com.ldrobot.bean.AiArea createFromParcel(android.os.Parcel):25:25 -> createFromParcel
    1:1:java.lang.Object[] newArray(int):22:22 -> newArray
    2:2:com.ldrobot.bean.AiArea[] newArray(int):30:30 -> newArray
com.ldrobot.bean.AiArea$AreaMsg -> com.ldrobot.bean.AiArea$AreaMsg:
    1:1:void <clinit>():84:84 -> <clinit>
    1:1:void <init>(android.os.Parcel):73:73 -> <init>
    2:19:void <init>(android.os.Parcel):64:81 -> <init>
    1:1:float getConfidence():154:154 -> getConfidence
    1:1:int getId():113:113 -> getId
    1:1:java.lang.String getImg_url():138:138 -> getImg_url
    1:1:int getLabel():122:122 -> getLabel
    1:1:float getPixelX():97:97 -> getPixelX
    1:1:float getPixelY():105:105 -> getPixelY
    1:1:com.ldrobot.bean.AiArea$AreaMsg$AreaPos getPos():130:130 -> getPos
    1:1:double getTime():146:146 -> getTime
    1:1:void setConfidence(float):158:158 -> setConfidence
    1:1:void setId(int):117:117 -> setId
    1:1:void setImg_url(java.lang.String):142:142 -> setImg_url
    1:1:void setLabel(int):126:126 -> setLabel
    1:1:void setPixelX(float):101:101 -> setPixelX
    1:1:void setPixelY(float):109:109 -> setPixelY
    1:1:void setPos(com.ldrobot.bean.AiArea$AreaMsg$AreaPos):134:134 -> setPos
    1:1:void setTime(double):150:150 -> setTime
    1:8:void writeToParcel(android.os.Parcel,int):168:175 -> writeToParcel
com.ldrobot.bean.AiArea$AreaMsg$1 -> com.ldrobot.bean.AiArea$AreaMsg$1:
    1:1:void <init>():84:84 -> <init>
    1:1:java.lang.Object createFromParcel(android.os.Parcel):84:84 -> createFromParcel
    2:2:com.ldrobot.bean.AiArea$AreaMsg createFromParcel(android.os.Parcel):87:87 -> createFromParcel
    1:1:java.lang.Object[] newArray(int):84:84 -> newArray
    2:2:com.ldrobot.bean.AiArea$AreaMsg[] newArray(int):92:92 -> newArray